sethwaddr_np.asm
gethwaddr_np.asm
ifconfig_inet_np.asm
get_ifconfig_inet_np.asm
ifconfig_netmask_np.asm
get_ifconfig_netmask_np.asm
ifconfig_gw_np.asm
get_ifconfig_gw_np.asm
long2ipstring.asm
long2ipstring_callee_np.asm
deconfig_np.asm
setpagea.asm
setpageb.asm
mac2string.asm
mac2string_callee_np.asm
pagein.asm
pageout.asm
ipstring2long_callee_np.asm
ipstring2long.asm
addbasicext_np.asm
statement_end.asm
exit_success.asm
expectnum.asm
expect2num.asm
find_int1.asm
find_int2.asm
string_fetch.asm
string_fetch_callee.asm
expectstringexp.asm
next_char.asm
spectranet_detect.asm
