sethwaddr_p.asm
gethwaddr_p.asm
ifconfig_inet_p.asm
get_ifconfig_inet_p.asm
ifconfig_netmask_p.asm
get_ifconfig_netmask_p.asm
ifconfig_gw_p.asm
get_ifconfig_gw_p.asm
long2ipstring.asm
long2ipstring_callee_p.asm
deconfig_p.asm
setpagea.asm
setpageb.asm
mac2string.asm
mac2string_callee_p.asm
pagein.asm
pageout.asm
ipstring2long_callee_p.asm
ipstring2long.asm
addbasicext_p.asm
statement_end.asm
exit_success.asm
expectnum.asm
expect2num.asm
find_int1.asm
find_int2.asm
string_fetch.asm
string_fetch_callee.asm
expectstringexp.asm
next_char.asm
spectranet_detect.asm
